# JRE version: OpenJDK Runtime Environment Temurin-21.0.3+9 (21.0.3+9) (build 21.0.3+9-LTS)
# Java VM: OpenJDK 64-Bit Server VM Temurin-21.0.3+9 (21.0.3+9-LTS, mixed mode, sharing, tiered, compressed oops, compressed class ptrs, g1 gc, windows-amd64)
GC Precious Log:
 CardTable entry size: 512
 Card Set container configuration: InlinePtr #cards 4 size 8 Array Of Cards #cards 16 size 48 Howl #buckets 8 coarsen threshold 3686 Howl Bitmap #cards 512 size 80 coarsen threshold 460 Card regions per heap region 1 cards per card region 4096
 CPUs: 8 total, 8 available
 Memory: 16124M
 Large Page Support: Disabled
 NUMA Support: Disabled
 Compressed Oops: Enabled (Zero based)
 Heap Region Size: 2M
 Heap Min Capacity: 8M
 Heap Initial Capacity: 252M
 Heap Max Capacity: 4032M
 Pre-touch: Disabled
 Parallel Workers: 8
 Concurrent Workers: 2
 Concurrent Refinement Workers: 8
 Periodic GC: Disabled
Heap:
 garbage-first heap   total 100352K, used 75014K [0x0000000704000000, 0x0000000800000000)
  region size 2048K, 29 young (59392K), 2 survivors (4096K)
 Metaspace       used 30316K, committed 30656K, reserved 1114112K
  class space    used 3329K, committed 3520K, reserved 1048576K
GC Heap History (12 events):
Event: 0.500 GC heap before
{Heap before GC invocations=0 (full 0):
 garbage-first heap   total 258048K, used 22528K [0x0000000704000000, 0x0000000800000000)
  region size 2048K, 11 young (22528K), 0 survivors (0K)
 Metaspace       used 5637K, committed 5824K, reserved 1114112K
  class space    used 660K, committed 768K, reserved 1048576K
}
Event: 0.505 GC heap after
{Heap after GC invocations=1 (full 0):
 garbage-first heap   total 258048K, used 3742K [0x0000000704000000, 0x0000000800000000)
  region size 2048K, 2 young (4096K), 2 survivors (4096K)
 Metaspace       used 5637K, committed 5824K, reserved 1114112K
  class space    used 660K, committed 768K, reserved 1048576K
}
Event: 1.209 GC heap before
{Heap before GC invocations=1 (full 0):
 garbage-first heap   total 258048K, used 36510K [0x0000000704000000, 0x0000000800000000)
  region size 2048K, 18 young (36864K), 2 survivors (4096K)
 Metaspace       used 10193K, committed 10304K, reserved 1114112K
  class space    used 1219K, committed 1280K, reserved 1048576K
}
Event: 1.214 GC heap after
{Heap after GC invocations=2 (full 0):
 garbage-first heap   total 258048K, used 5603K [0x0000000704000000, 0x0000000800000000)
  region size 2048K, 1 young (2048K), 1 survivors (2048K)
 Metaspace       used 10193K, committed 10304K, reserved 1114112K
  class space    used 1219K, committed 1280K, reserved 1048576K
}
Event: 2.816 GC heap before
{Heap before GC invocations=2 (full 0):
 garbage-first heap   total 258048K, used 69091K [0x0000000704000000, 0x0000000800000000)
  region size 2048K, 34 young (69632K), 1 survivors (2048K)
 Metaspace       used 21239K, committed 21504K, reserved 1114112K
  class space    used 2493K, committed 2624K, reserved 1048576K
}
Event: 2.825 GC heap after
{Heap after GC invocations=3 (full 0):
 garbage-first heap   total 258048K, used 15312K [0x0000000704000000, 0x0000000800000000)
  region size 2048K, 6 young (12288K), 6 survivors (12288K)
 Metaspace       used 21239K, committed 21504K, reserved 1114112K
  class space    used 2493K, committed 2624K, reserved 1048576K
}
Event: 4.323 GC heap before
{Heap before GC invocations=4 (full 0):
 garbage-first heap   total 61440K, used 60368K [0x0000000704000000, 0x0000000800000000)
  region size 2048K, 28 young (57344K), 6 survivors (12288K)
 Metaspace       used 24252K, committed 24512K, reserved 1114112K
  class space    used 2822K, committed 2944K, reserved 1048576K
}
Event: 4.338 GC heap after
{Heap after GC invocations=5 (full 0):
 garbage-first heap   total 77824K, used 19228K [0x0000000704000000, 0x0000000800000000)
  region size 2048K, 7 young (14336K), 7 survivors (14336K)
 Metaspace       used 24252K, committed 24512K, reserved 1114112K
  class space    used 2822K, committed 2944K, reserved 1048576K
}
Event: 5.042 GC heap before
{Heap before GC invocations=5 (full 0):
 garbage-first heap   total 90112K, used 82716K [0x0000000704000000, 0x0000000800000000)
  region size 2048K, 22 young (45056K), 7 survivors (14336K)
 Metaspace       used 25614K, committed 25984K, reserved 1114112K
  class space    used 2945K, committed 3136K, reserved 1048576K
}
Event: 5.058 GC heap after
{Heap after GC invocations=6 (full 0):
 garbage-first heap   total 100352K, used 19822K [0x0000000704000000, 0x0000000800000000)
  region size 2048K, 1 young (2048K), 1 survivors (2048K)
 Metaspace       used 25614K, committed 25984K, reserved 1114112K
  class space    used 2945K, committed 3136K, reserved 1048576K
}
Event: 7.262 GC heap before
{Heap before GC invocations=6 (full 0):
 garbage-first heap   total 100352K, used 77166K [0x0000000704000000, 0x0000000800000000)
  region size 2048K, 29 young (59392K), 1 survivors (2048K)
 Metaspace       used 28208K, committed 28608K, reserved 1114112K
  class space    used 3128K, committed 3328K, reserved 1048576K
}
Event: 7.267 GC heap after
{Heap after GC invocations=7 (full 0):
 garbage-first heap   total 100352K, used 21766K [0x0000000704000000, 0x0000000800000000)
  region size 2048K, 2 young (4096K), 2 survivors (4096K)
 Metaspace       used 28208K, committed 28608K, reserved 1114112K
  class space    used 3128K, committed 3328K, reserved 1048576K
}

