# JRE version: OpenJDK Runtime Environment Temurin-21.0.3+9 (21.0.3+9) (build 21.0.3+9-LTS)
# Java VM: OpenJDK 64-Bit Server VM Temurin-21.0.3+9 (21.0.3+9-LTS, mixed mode, sharing, tiered, compressed oops, compressed class ptrs, g1 gc, windows-amd64)
GC Precious Log:
 CardTable entry size: 512
 Card Set container configuration: InlinePtr #cards 4 size 8 Array Of Cards #cards 16 size 48 Howl #buckets 8 coarsen threshold 3686 Howl Bitmap #cards 512 size 80 coarsen threshold 460 Card regions per heap region 1 cards per card region 4096
 CPUs: 8 total, 8 available
 Memory: 16124M
 Large Page Support: Disabled
 NUMA Support: Disabled
 Compressed Oops: Enabled (Zero based)
 Heap Region Size: 2M
 Heap Min Capacity: 8M
 Heap Initial Capacity: 252M
 Heap Max Capacity: 4032M
 Pre-touch: Disabled
 Parallel Workers: 8
 Concurrent Workers: 2
 Concurrent Refinement Workers: 8
 Periodic GC: Disabled
Heap:
 garbage-first heap   total 81920K, used 25720K [0x0000000704000000, 0x0000000800000000)
  region size 2048K, 3 young (6144K), 2 survivors (4096K)
 Metaspace       used 60301K, committed 60992K, reserved 1114112K
  class space    used 8351K, committed 8704K, reserved 1048576K
GC Heap History (20 events):
Event: 0.451 GC heap before
{Heap before GC invocations=0 (full 0):
 garbage-first heap   total 258048K, used 22528K [0x0000000704000000, 0x0000000800000000)
  region size 2048K, 11 young (22528K), 0 survivors (0K)
 Metaspace       used 4033K, committed 4160K, reserved 1114112K
  class space    used 444K, committed 512K, reserved 1048576K
}
Event: 0.456 GC heap after
{Heap after GC invocations=1 (full 0):
 garbage-first heap   total 258048K, used 8426K [0x0000000704000000, 0x0000000800000000)
  region size 2048K, 2 young (4096K), 2 survivors (4096K)
 Metaspace       used 4033K, committed 4160K, reserved 1114112K
  class space    used 444K, committed 512K, reserved 1048576K
}
Event: 0.984 GC heap before
{Heap before GC invocations=1 (full 0):
 garbage-first heap   total 258048K, used 30954K [0x0000000704000000, 0x0000000800000000)
  region size 2048K, 13 young (26624K), 2 survivors (4096K)
 Metaspace       used 10127K, committed 10432K, reserved 1114112K
  class space    used 1239K, committed 1408K, reserved 1048576K
}
Event: 0.988 GC heap after
{Heap after GC invocations=2 (full 0):
 garbage-first heap   total 258048K, used 10454K [0x0000000704000000, 0x0000000800000000)
  region size 2048K, 1 young (2048K), 1 survivors (2048K)
 Metaspace       used 10127K, committed 10432K, reserved 1114112K
  class space    used 1239K, committed 1408K, reserved 1048576K
}
Event: 1.720 GC heap before
{Heap before GC invocations=2 (full 0):
 garbage-first heap   total 258048K, used 53462K [0x0000000704000000, 0x0000000800000000)
  region size 2048K, 24 young (49152K), 1 survivors (2048K)
 Metaspace       used 21232K, committed 21504K, reserved 1114112K
  class space    used 2750K, committed 2880K, reserved 1048576K
}
Event: 1.726 GC heap after
{Heap after GC invocations=3 (full 0):
 garbage-first heap   total 258048K, used 13497K [0x0000000704000000, 0x0000000800000000)
  region size 2048K, 3 young (6144K), 3 survivors (6144K)
 Metaspace       used 21232K, committed 21504K, reserved 1114112K
  class space    used 2750K, committed 2880K, reserved 1048576K
}
Event: 2.347 GC heap before
{Heap before GC invocations=4 (full 0):
 garbage-first heap   total 61440K, used 44217K [0x0000000704000000, 0x0000000800000000)
  region size 2048K, 18 young (36864K), 3 survivors (6144K)
 Metaspace       used 25191K, committed 25536K, reserved 1114112K
  class space    used 3228K, committed 3392K, reserved 1048576K
}
Event: 2.354 GC heap after
{Heap after GC invocations=5 (full 0):
 garbage-first heap   total 61440K, used 16374K [0x0000000704000000, 0x0000000800000000)
  region size 2048K, 3 young (6144K), 3 survivors (6144K)
 Metaspace       used 25191K, committed 25536K, reserved 1114112K
  class space    used 3228K, committed 3392K, reserved 1048576K
}
Event: 3.095 GC heap before
{Heap before GC invocations=5 (full 0):
 garbage-first heap   total 61440K, used 40950K [0x0000000704000000, 0x0000000800000000)
  region size 2048K, 16 young (32768K), 3 survivors (6144K)
 Metaspace       used 29323K, committed 29760K, reserved 1114112K
  class space    used 3828K, committed 4032K, reserved 1048576K
}
Event: 3.106 GC heap after
{Heap after GC invocations=6 (full 0):
 garbage-first heap   total 61440K, used 18824K [0x0000000704000000, 0x0000000800000000)
  region size 2048K, 2 young (4096K), 2 survivors (4096K)
 Metaspace       used 29323K, committed 29760K, reserved 1114112K
  class space    used 3828K, committed 4032K, reserved 1048576K
}
Event: 3.761 GC heap before
{Heap before GC invocations=6 (full 0):
 garbage-first heap   total 61440K, used 43400K [0x0000000704000000, 0x0000000800000000)
  region size 2048K, 15 young (30720K), 2 survivors (4096K)
 Metaspace       used 34252K, committed 34688K, reserved 1114112K
  class space    used 4538K, committed 4736K, reserved 1048576K
}
Event: 3.770 GC heap after
{Heap after GC invocations=7 (full 0):
 garbage-first heap   total 61440K, used 20162K [0x0000000704000000, 0x0000000800000000)
  region size 2048K, 1 young (2048K), 1 survivors (2048K)
 Metaspace       used 34252K, committed 34688K, reserved 1114112K
  class space    used 4538K, committed 4736K, reserved 1048576K
}
Event: 3.909 GC heap before
{Heap before GC invocations=7 (full 0):
 garbage-first heap   total 61440K, used 24258K [0x0000000704000000, 0x0000000800000000)
  region size 2048K, 4 young (8192K), 1 survivors (2048K)
 Metaspace       used 35671K, committed 36096K, reserved 1114112K
  class space    used 4784K, committed 4992K, reserved 1048576K
}
Event: 3.913 GC heap after
{Heap after GC invocations=8 (full 0):
 garbage-first heap   total 159744K, used 20329K [0x0000000704000000, 0x0000000800000000)
  region size 2048K, 1 young (2048K), 1 survivors (2048K)
 Metaspace       used 35671K, committed 36096K, reserved 1114112K
  class space    used 4784K, committed 4992K, reserved 1048576K
}
Event: 12.682 GC heap before
{Heap before GC invocations=9 (full 0):
 garbage-first heap   total 81920K, used 65385K [0x0000000704000000, 0x0000000800000000)
  region size 2048K, 24 young (49152K), 1 survivors (2048K)
 Metaspace       used 48751K, committed 49344K, reserved 1114112K
  class space    used 6669K, committed 6912K, reserved 1048576K
}
Event: 12.689 GC heap after
{Heap after GC invocations=10 (full 0):
 garbage-first heap   total 81920K, used 23262K [0x0000000704000000, 0x0000000800000000)
  region size 2048K, 3 young (6144K), 3 survivors (6144K)
 Metaspace       used 48751K, committed 49344K, reserved 1114112K
  class space    used 6669K, committed 6912K, reserved 1048576K
}
Event: 14.525 GC heap before
{Heap before GC invocations=10 (full 0):
 garbage-first heap   total 81920K, used 66270K [0x0000000704000000, 0x0000000800000000)
  region size 2048K, 24 young (49152K), 3 survivors (6144K)
 Metaspace       used 55739K, committed 56384K, reserved 1114112K
  class space    used 7713K, committed 8000K, reserved 1048576K
}
Event: 14.534 GC heap after
{Heap after GC invocations=11 (full 0):
 garbage-first heap   total 81920K, used 23564K [0x0000000704000000, 0x0000000800000000)
  region size 2048K, 2 young (4096K), 2 survivors (4096K)
 Metaspace       used 55739K, committed 56384K, reserved 1114112K
  class space    used 7713K, committed 8000K, reserved 1048576K
}
Event: 15.706 GC heap before
{Heap before GC invocations=11 (full 0):
 garbage-first heap   total 81920K, used 58380K [0x0000000704000000, 0x0000000800000000)
  region size 2048K, 20 young (40960K), 2 survivors (4096K)
 Metaspace       used 59769K, committed 60480K, reserved 1114112K
  class space    used 8299K, committed 8640K, reserved 1048576K
}
Event: 15.718 GC heap after
{Heap after GC invocations=12 (full 0):
 garbage-first heap   total 81920K, used 25720K [0x0000000704000000, 0x0000000800000000)
  region size 2048K, 2 young (4096K), 2 survivors (4096K)
 Metaspace       used 59769K, committed 60480K, reserved 1114112K
  class space    used 8299K, committed 8640K, reserved 1048576K
}

